I N R -- V 2.1.0c, modified Feb 17 2022
Copyright (C) 1988 J Howard Johnson
Distributed under GPLv3 (see COPYING)



# Read in sequence of nibbles

INP ----------------   NFA     States: 81480  Trans: 81479  Tapes: 1  Strg: 2049 K

Nibble_hi ----------   DFA MIN States: 3      Trans: 17     Tapes: 1  Strg: 5 K
Nibble_lo ----------   DFA MIN States: 3      Trans: 17     Tapes: 1  Strg: 5 K
Nibble -------------   DFA MIN States: 3      Trans: 33     Tapes: 1  Strg: 5 K
Nibbles ------------   DFA MIN States: 2      Trans: 33     Tapes: 1  Strg: 6 K
Copy_Nibbles -------   DFA MIN States: 34     Trans: 65     Tapes: 2  Strg: 18 K

# Quote block marked with greater than, 5 spaces ... and newline

QBL_Constraint -----   DFA MIN States: 4      Trans: 97     Tapes: 1  Strg: 7 K
QBL_block ----------   DFA MIN States: 50     Trans: 142    Tapes: 2  Strg: 13 K

# Inline block marked with single backticks
# Inline block marked with double backticks

SBT_Constraint -----   DFA MIN States: 4      Trans: 97     Tapes: 1  Strg: 7 K
DBT_Constraint -----   DFA MIN States: 6      Trans: 163    Tapes: 1  Strg: 7 K
SBT_block ----------   DFA MIN States: 40     Trans: 132    Tapes: 2  Strg: 13 K
DBT_block ----------   DFA MIN States: 48     Trans: 203    Tapes: 2  Strg: 13 K

# Inline block marked with single dollar signs
# Inline block marked with double dollar signs

SDS_Constraint -----   DFA MIN States: 4      Trans: 97     Tapes: 1  Strg: 7 K
DDS_Constraint -----   DFA MIN States: 6      Trans: 163    Tapes: 1  Strg: 7 K
SDS_block ----------   DFA MIN States: 40     Trans: 132    Tapes: 2  Strg: 13 K
DDS_block ----------   DFA MIN States: 48     Trans: 203    Tapes: 2  Strg: 13 K

# Text with no bare backticks, dollar signs or verbatim quotes

Background ---------   DFA MIN States: 15     Trans: 454    Tapes: 1  Strg: 13 K

# Assemble the pieces

QBL ----------------   DFA MIN States: 64     Trans: 186    Tapes: 2  Strg: 13 K
SBT ----------------   DFA MIN States: 44     Trans: 166    Tapes: 2  Strg: 13 K
DBT ----------------   DFA MIN States: 62     Trans: 310    Tapes: 2  Strg: 17 K
BRK ----------------   DFA MIN States: 57     Trans: 496    Tapes: 2  Strg: 33 K
SDS ----------------   DFA MIN States: 52     Trans: 144    Tapes: 2  Strg: 11 K
DDS ----------------   DFA MIN States: 60     Trans: 215    Tapes: 2  Strg: 13 K
Blocks -------------   DFA MIN States: 248    Trans: 995    Tapes: 2  Strg: 25 K
Process ------------   DFA MIN States: 976    Trans: 8575   Tapes: 2  Strg: 137 K
 Ending = { "`", "``", "$", "$$" }?;
Ending -------------   DFA MIN States: 2      Trans: 1      Tapes: 1  Strg: 1 K
WRK ----------------   DFA MIN States: 81880  Trans: 81879  Tapes: 1  Strg: 2049 K

# Select shortest output
# Write out as sequence of nibbles

OUT ----------------   DFA MIN States: 81880  Trans: 81879  Tapes: 1  Strg: 2049 K
