I N R -- V 2.0.3a, modified Sept 11, 2018
Copyright (C) 1988 J Howard Johnson
Distributed under GPLv3 (see COPYING)
  (Source file: _Soundex)


Al -----------------   DFA MIN States: 3      Trans: 27     Tapes: 1  Strg: 2 K
CAl ----------------   DFA MIN States: 29     Trans: 53     Tapes: 2  Strg: 5 K
Di -----------------   DFA MIN States: 3      Trans: 9      Tapes: 1  Strg: 1 K
CDi ----------------   DFA MIN States: 11     Trans: 17     Tapes: 2  Strg: 2 K
So -----------------   DFA MIN States: 102    Trans: 1101   Tapes: 2  Strg: 11 K
BSo ----------------   DFA MIN States: 102    Trans: 2670   Tapes: 2  Strg: 19 K
TSo ----------------   DFA MIN States: 103    Trans: 2672   Tapes: 2  Strg: 35 K

Size      Free      Allocated
      Number Total Number Total
  32      35    0M    143    0M
  64       5    0M     12    0M
 128       6    0M      3    0M
 256       5    0M      2    0M
 512       5    0M      4    0M
   1K      1    0M      3    0M
   2K      3    0M      4    0M
   4K      1    0M      1    0M
   8K      0    0M      1    0M
  16K      2    0M      1    0M
  32K      1    0M      2    0M
  64K      1    0M      0    0M
 256K      1    0M      0    0M
 512K      1    0M      0    0M
   1M      1    1M      0    0M
   2M      1    2M      0    0M
   4M      1    4M      0    0M
   8M      1    8M      0    0M
  16M      1   16M      0    0M
  32M      1   32M      0    0M
  64M      1   64M      0    0M
 128M      1  128M      0    0M
 256M      1  256M      0    0M
              511M           0M
Memory Size   512M
<<< Audit >>>

