This is TeX, C Version 2.0 for Waterloo UNIX (preloaded format=lplain 88.3.10)  8 JUL 1988 11:27
**main
(main.tex
LaTeX Version 2.09 - Released 18 December 1985
(/usr/lib/tex/macros/article.sty
Document Style 'article'. Released 23 September 1985
(/usr/lib/tex/macros/art11.sty)
\c@part=\count78
\c@section=\count79
\c@subsection=\count80
\c@subsubsection=\count81
\c@paragraph=\count82
\c@subparagraph=\count83
\c@figure=\count84
\c@table=\count85
) (/usr/lib/tex/macros/clbiba.sty)
(/u/jhjohnson/texlib/beaver.sty) (/usr/lib/tex/macros/waterloo.sty) (main.aux)
(001intro.tex [1

] [2] [3]) (002lex.tex [4]) (003expr.tex [5] [6] [7] [8]
[9] [10] [11] [12]) (004rate.tex [13] [14]
Underfull \vbox (badness 1655) has occurred while \output is active
\vbox(576.0+2.12917)x360.0, glue set 2.54974
.\glue(\topskip) 2.39584
.\hbox(7.60416+2.12917)x360.0, glue set - 0.67264
..\elvrm T
..\elvrm h
..\kern-0.30417
..\elvrm u
..\elvrm s
..etc.
.\glue(\baselineskip) 3.86668
.\hbox(7.60416+2.12917)x360.0, glue set 0.48064
..\elvrm r
..\elvrm e
..\elvrm g
..\discretionary
...\elvrm -
..\elvrm u
..etc.
.\penalty 100
.etc.

 [15]
[16] [17] [18] [19]
Underfull \vbox (badness 1377) has occurred while \output is active
\vbox(576.0+0.91249)x360.0, glue set 2.39732
.\glue(\topskip) 0.48004
.\hbox(9.51996+31.28004)x360.0, glue set 11.9538fil
..\glue(\leftskip) 0.0 plus 1.0fil
..\hbox(0.0+0.0)x0.0
..\glue 0.0
..\hbox(0.0+0.0)x0.0
...\glue 0.0
...\glue 0.0
...\glue -5.47499
...\hbox(0.0+0.0)x0.0
...\glue 5.47499
..\penalty 0
..etc.
.\penalty -51
.\glue 9.0 plus 3.0 minus 5.0
.\glue -9.0 plus -3.0 minus -5.0
.etc.

 [20])
(005coerc.tex [21]) (006stat.tex [22] [23]) (007inte.tex) (main.bbl) [24]
(main.aux)
Output written on main.dvi (24 pages, 57108 bytes).
